#
# A fatal error has been detected by the Java Runtime Environment:
#
#  EXCEPTION_ACCESS_VIOLATION (0xc0000005) at pc=0x00007ffa9493cde4, pid=12528, tid=18544
#
# JRE version: OpenJDK Runtime Environment (23.0.1+11) (build 23.0.1+11-39)
# Java VM: OpenJDK 64-Bit Server VM (23.0.1+11-39, mixed mode, sharing, tiered, compressed oops, compressed class ptrs, g1 gc, windows-amd64)
# Problematic frame:
# C  [ntdll.dll+0xacde4]
#
# No core dump will be written. Minidumps are not enabled by default on client versions of Windows
#
# If you would like to submit a bug report, please visit:
#   https://bugreport.java.com/bugreport/crash.jsp
#

---------------  S U M M A R Y ------------

Command Line: -javaagent:C:\Program Files\JetBrains\IntelliJ IDEA 2024.3\lib\idea_rt.jar=50897:C:\Program Files\JetBrains\IntelliJ IDEA 2024.3\bin -Dfile.encoding=UTF-8 -Dsun.stdout.encoding=UTF-8 -Dsun.stderr.encoding=UTF-8 main.Main

Host: AMD Ryzen 9 5900X 12-Core Processor            , 24 cores, 31G,  Windows 11 , 64 bit Build 22621 (10.0.22621.4391)
Time: Sun Nov 17 19:42:01 2024 Central Standard Time elapsed time: 0.477054 seconds (0d 0h 0m 0s)

---------------  T H R E A D  ---------------

Current thread (0x00000193e7f3f5f0):  JavaThread "main"             [_thread_in_vm, id=18544, stack(0x000000231f000000,0x000000231f100000) (1024K)]

Stack: [0x000000231f000000,0x000000231f100000],  sp=0x000000231f0fd0f0,  free space=1012k
Native frames: (J=compiled Java code, j=interpreted, Vv=VM code, C=native code)
C  [ntdll.dll+0xacde4]  (no source info available)
C  [ntdll.dll+0x3b001]  (no source info available)
C  [ucrtbase.dll+0x1364b]  (no source info available)
V  [jvm.dll+0x7e69f9]  (no source info available)
V  [jvm.dll+0x7e797e]  (no source info available)
V  [jvm.dll+0x7e9363]  (no source info available)
V  [jvm.dll+0x20eb7d]  (no source info available)
V  [jvm.dll+0x20d7d9]  (no source info available)
V  [jvm.dll+0x2129e0]  (no source info available)
V  [jvm.dll+0x20811e]  (no source info available)
V  [jvm.dll+0x5be6df]  (no source info available)
V  [jvm.dll+0x219b2b]  (no source info available)
V  [jvm.dll+0x7f3130]  (no source info available)
V  [jvm.dll+0x7f41d6]  (no source info available)
V  [jvm.dll+0x7f4a00]  (no source info available)
V  [jvm.dll+0x21326c]  (no source info available)
V  [jvm.dll+0x208137]  (no source info available)
V  [jvm.dll+0x5be6df]  (no source info available)
V  [jvm.dll+0x219b2b]  (no source info available)
V  [jvm.dll+0x7f3130]  (no source info available)
V  [jvm.dll+0x7f41d6]  (no source info available)
V  [jvm.dll+0x7f47e4]  (no source info available)
V  [jvm.dll+0x7f4468]  (no source info available)
V  [jvm.dll+0x2689cb]  (no source info available)
V  [jvm.dll+0x3d1e3e]  (no source info available)
C  0x00000193f7adb00c  (no source info available)

The last pc belongs to new (printed below).
Java frames: (J=compiled Java code, j=interpreted, Vv=VM code)
j  com.sun.imageio.spi.InputStreamImageInputStreamSpi.createInputStreamInstance(Ljava/lang/Object;ZLjava/io/File;)Ljavax/imageio/stream/ImageInputStream;+17 java.desktop@23.0.1
j  javax.imageio.ImageIO.createImageInputStream(Ljava/lang/Object;)Ljavax/imageio/stream/ImageInputStream;+84 java.desktop@23.0.1
j  javax.imageio.ImageIO.read(Ljava/io/InputStream;)Ljava/awt/image/BufferedImage;+15 java.desktop@23.0.1
j  GridManager.gridManager.getTileImage()V+48
j  GridManager.gridManager.<init>(Lmain/CanvasPanel;Lmain/MouseHandler;IIII)V+94
j  main.CanvasPanel.<init>(Ljavax/swing/JFrame;)V+97
j  main.Main.main([Ljava/lang/String;)V+29
v  ~StubRoutines::call_stub 0x00000193f7ac0fcd

siginfo: EXCEPTION_ACCESS_VIOLATION (0xc0000005), reading address 0x00000192d37b2c68


Registers:
RAX=0x00000000e5a40000, RBX=0x00000193d37b26e0, RCX=0x00000193e5a41080, RDX=0x0000000000000000
RSP=0x000000231f0fd0f0, RBP=0x00000193d37b2c90, RSI=0x00000193d37b2ca0, RDI=0x0000000000000000
R8 =0x0000000053113b76, R9 =0x00000192d37b2c50, R10=0x0000000000000003, R11=0x000000231f0fd210
R12=0x0000000000000000, R13=0x00000193e5b70000, R14=0x00000193e5a40000, R15=0x0000000000000000
RIP=0x00007ffa9493cde4, EFLAGS=0x0000000000010217


Register to memory mapping:

RAX=0x00000000e5a40000 is an unknown value
RBX=0x00000193d37b26e0 points into unknown readable memory: 0x00000193e5a46f00 | 00 6f a4 e5 93 01 00 00
RCX=0x00000193e5a41080 points into unknown readable memory: 0x0000000000000000 | 00 00 00 00 00 00 00 00
RDX=0x0 is null
RSP=0x000000231f0fd0f0 is pointing into the stack for thread: 0x00000193e7f3f5f0
RBP=0x00000193d37b2c90 points into unknown readable memory: 0x069400fa50d74b9a | 9a 4b d7 50 fa 00 94 06
RSI=0x00000193d37b2ca0 points into unknown readable memory: 0x0000000000000000 | 00 00 00 00 00 00 00 00
RDI=0x0 is null
R8 =0x0000000053113b76 is an unknown value
R9 =0x00000192d37b2c50 is an unknown value
R10=0x0000000000000003 is an unknown value
R11=0x000000231f0fd210 is pointing into the stack for thread: 0x00000193e7f3f5f0
R12=0x0 is null
R13=0x00000193e5b70000 points into unknown readable memory: 0x0000000000000000 | 00 00 00 00 00 00 00 00
R14=0x00000193e5a40000 points into unknown readable memory: 0x0000000000000000 | 00 00 00 00 00 00 00 00
R15=0x0 is null

Top of Stack: (sp=0x000000231f0fd0f0)
0x000000231f0fd0f0:   000000231f0fd2d8 000001938a71d620
0x000000231f0fd100:   00007b544e485972 00007ff9e72483d0
0x000000231f0fd110:   0000000000000000 00000000ffffffff
0x000000231f0fd120:   00000193d37b2c9f 0000002300000000
0x000000231f0fd130:   00000000000002c2 00000193d37b26e0
0x000000231f0fd140:   00000192d37b2c50 000000000bb5fde9
0x000000231f0fd150:   0000000000000000 00007ff9e6c718ae
0x000000231f0fd160:   00000193da7712c0 00007ff9e6db55e8
0x000000231f0fd170:   000000000003916b 000000000003922e
0x000000231f0fd180:   0000000000000000 000001938a785028
0x000000231f0fd190:   0000000000000008 000001938a71d020
0x000000231f0fd1a0:   00000193d37b2ca0 00007ffa948cb001
0x000000231f0fd1b0:   00000193d37b2c90 00000193e5b70000
0x000000231f0fd1c0:   0000000000000001 0000000000000000
0x000000231f0fd1d0:   0000000000000000 00000193e7f3f5f0
0x000000231f0fd1e0:   00000193d37b2ca0 00007ffa91f4364b
0x000000231f0fd1f0:   0000000000000000 000000000bb5fde9
0x000000231f0fd200:   65642e6176616a00 616a2f7000000017
0x000000231f0fd210:   0000000000000000 00007ff9e72069f9
0x000000231f0fd220:   0000000000000000 0000000000000000
0x000000231f0fd230:   4655425f45545942 0000000000005447
0x000000231f0fd240:   000001938a7eec01 000001938de81978
0x000000231f0fd250:   0000000000000000 0000000000000001
0x000000231f0fd260:   000000000bb5fde9 000000231f0fdb60
0x000000231f0fd270:   000001938a71d020 00000193e7f3f5f0
0x000000231f0fd280:   0000000000000000 000001938de81980
0x000000231f0fd290:   000000231f0fdbe8 000000231f0fdbd8
0x000000231f0fd2a0:   00000193d37b2ca0 00007ff9e6d04029
0x000000231f0fd2b0:   000000231f0fd2d2 000000231f0fd2d1
0x000000231f0fd2c0:   000000231f0fd2d0 00007ff9e6caf392
0x000000231f0fd2d0:   00007b544e480000 00000193dab70ed0
0x000000231f0fd2e0:   000001938a721c30 00000193dacda540 

Instructions: (pc=0x00007ffa9493cde4)
0x00007ffa9493cce4:   89 4c 24 28 4c 8b ce 41 8b ca 48 89 44 24 20 4c
0x00007ffa9493ccf4:   8b c5 49 8b d5 e8 f2 50 07 00 65 48 8b 04 25 30
0x00007ffa9493cd04:   00 00 00 b9 0d 00 00 c0 c7 80 50 12 00 00 0d 00
0x00007ffa9493cd14:   00 c0 65 48 8b 1c 25 30 00 00 00 e8 0c 69 fa ff
0x00007ffa9493cd24:   89 43 68 8b df e9 73 f2 f8 ff 41 f7 c7 02 01 00
0x00007ffa9493cd34:   3c 0f 85 dc f5 f8 ff 80 7e ff 05 48 8d 4e f0 75
0x00007ffa9493cd44:   11 0f b6 41 0e 48 c1 e0 04 48 2b c8 48 83 c1 10
0x00007ffa9493cd54:   eb 03 48 8b cf 48 89 4c 24 20 45 8b ca 8b 4e f8
0x00007ffa9493cd64:   4c 8b c6 49 8b d5 48 89 5c 24 30 e8 ea 2d 00 00
0x00007ffa9493cd74:   85 c0 78 86 41 ba 03 00 00 00 e9 94 f5 f8 ff 44
0x00007ffa9493cd84:   8b 05 de a5 0d 00 48 8b cd 48 c1 e9 04 33 4d 08
0x00007ffa9493cd94:   41 33 cd 41 33 c8 66 85 c9 0f 85 da 04 00 00 48
0x00007ffa9493cda4:   c1 e9 0c 48 8b c5 48 2b c1 48 8b 18 48 89 5c 24
0x00007ffa9493cdb4:   48 48 85 db 0f 84 bf 04 00 00 0f 0d 0b 4c 8b 4b
0x00007ffa9493cdc4:   08 8b 45 0c c1 e8 08 0f b7 d0 48 8b 03 4c 89 4c
0x00007ffa9493cdd4:   24 50 89 54 24 38 48 8b 08 4c 8b 71 18 41 8b c6
0x00007ffa9493cde4:   41 33 41 18 41 33 c0 41 33 c1 8b c8 c1 e8 10 0f
0x00007ffa9493cdf4:   af c2 0f b7 c9 49 03 c1 48 03 c8 48 3b cd 74 09
0x00007ffa9493ce04:   49 8b 56 18 e9 73 04 00 00 e8 8e e2 f8 ff 85 c0
0x00007ffa9493ce14:   74 19 65 48 8b 04 25 60 00 00 00 48 8b 88 90 00
0x00007ffa9493ce24:   00 00 48 81 c1 26 02 00 00 eb 05 b9 80 03 fe 7f
0x00007ffa9493ce34:   40 38 39 74 2d 65 48 8b 04 25 60 00 00 00 f6 80
0x00007ffa9493ce44:   78 03 00 00 01 74 1b 49 8b 4e 18 48 8d 55 10 41
0x00007ffa9493ce54:   b8 02 00 00 00 e8 52 ad 06 00 48 8b ac 24 c0 00
0x00007ffa9493ce64:   00 00 66 83 3c 25 6a 03 fe 7f 01 44 8b cf b8 64
0x00007ffa9493ce74:   00 00 00 44 8b c7 44 0f 47 c8 eb 05 48 8b 5c 24
0x00007ffa9493ce84:   48 8b 5b 20 49 c7 c6 ff ff ff ff 48 8b 54 24 48
0x00007ffa9493ce94:   8b c3 c1 e8 10 66 0f ba e0 0f 72 11 8b cb 8b c3
0x00007ffa9493cea4:   81 c9 00 00 00 80 f0 0f b1 4a 20 74 0b 41 ff c0
0x00007ffa9493ceb4:   45 3b c1 76 c7 41 8b de 48 8b 44 24 30 4c 8d 42
0x00007ffa9493cec4:   10 c6 00 80 41 3b de 75 11 48 8d 55 10 49 8b c8
0x00007ffa9493ced4:   e8 b7 70 ff ff e9 ba 03 00 00 48 8b 6c 24 50 8b 


Stack slot to memory mapping:

stack at sp + 0 slots: 0x000000231f0fd2d8 is pointing into the stack for thread: 0x00000193e7f3f5f0
stack at sp + 1 slots: 0x000001938a71d620 points into unknown readable memory: 0x0000000000000000 | 00 00 00 00 00 00 00 00
stack at sp + 2 slots: 0x00007b544e485972 is an unknown value
stack at sp + 3 slots: 0x00007ff9e72483d0 jvm.dll
stack at sp + 4 slots: 0x0 is null
stack at sp + 5 slots: 0x00000000ffffffff is an unknown value
stack at sp + 6 slots: 0x00000193d37b2c9f points into unknown readable memory: 8c
stack at sp + 7 slots: 0x0000002300000000 is an unknown value

Lock stack of current Java thread (top to bottom):

new  187 new  [0x00000193f7adae80, 0x00000193f7adb090]  528 bytes
[MachCode]
  0x00000193f7adae80: 4883 ec08 | c5fa 1104 | 24eb 1f48 | 83ec 10c5 | fb11 0424 | eb14 4883 | ec10 4889 | 0424 48c7 
  0x00000193f7adaea0: 4424 0800 | 0000 00eb | 0150 410f | b755 010f | cac1 ea10 | 488b 4de8 | 488b 4908 | 488b 4908 
  0x00000193f7adaec0: 488b 4108 | 807c 1004 | 070f 85e0 | 0000 0066 | 8b54 d148 | 488b 4928 | 488b 4cd1 | 0851 80b9 
  0x00000193f7adaee0: 3101 0000 | 040f 840d | 0000 004c | 3bb9 3801 | 0000 0f85 | b600 0000 | 8b51 08f6 | c201 0f85 
  0x00000193f7adaf00: aa00 0000 | 498b 87b8 | 0100 0048 | 8d1c 1049 | 3b9f c801 | 0000 0f87 | 9200 0000 | 4989 9fb8 
  0x00000193f7adaf20: 0100 0048 | 83ea 100f | 840f 0000 | 0033 c9c1 | ea03 4889 | 4cd0 0848 | ffca 75f6 | 48c7 0001 
  0x00000193f7adaf40: 0000 0059 | 33f6 8970 | 0c49 ba00 | 0000 8e93 | 0100 0049 | 2bca 8948 | 0849 ba42 | ad66 e7f9 
  0x00000193f7adaf60: 7f00 0041 | 803a 000f | 843c 0000 | 0050 488b | c848 83ec | 2040 f6c4 | 0f0f 8419 | 0000 0048 
  0x00000193f7adaf80: 83ec 0848 | b850 ee16 | e7f9 7f00 | 00ff d048 | 83c4 08e9 | 0c00 0000 | 48b8 50ee | 16e7 f97f 
  0x00000193f7adafa0: 0000 ffd0 | 4883 c420 | 58e9 cb00 | 0000 5948 | 8b55 e848 | 8b52 0848 | 8b52 0845 | 0fb7 4501 
  0x00000193f7adafc0: 410f c841 | c1e8 10e8 | 0500 0000 | e9a8 0000 | 0048 8d44 | 2408 4c89 | 6dc0 498b | cfc5 f877 
  0x00000193f7adafe0: 4989 afb0 | 0300 0049 | 8987 a003 | 0000 4883 | ec20 40f6 | c40f 0f84 | 1900 0000 | 4883 ec08 
  0x00000193f7adb000: 48b8 f01d | dfe6 f97f | 0000 ffd0 | 4883 c408 | e90c 0000 | 0048 b8f0 | 1ddf e6f9 | 7f00 00ff 
  0x00000193f7adb020: d048 83c4 | 2049 c787 | a003 0000 | 0000 0000 | 49c7 87b0 | 0300 0000 | 0000 0049 | c787 a803 
  0x00000193f7adb040: 0000 0000 | 0000 c5f8 | 7749 837f | 0800 0f84 | 0500 0000 | e967 5efe | ff49 8b87 | f803 0000 
  0x00000193f7adb060: 49c7 87f8 | 0300 0000 | 0000 004c | 8b6d c04c | 8b75 c84e | 8d74 f500 | c341 0fb6 | 5d03 4983 
  0x00000193f7adb080: c503 49ba | 5076 6ae7 | f97f 0000 | 41ff 24da 
[/MachCode]

---------------  P R O C E S S  ---------------

Threads class SMR info:
_java_thread_list=0x00000193db2d1570, length=21, elements={
0x00000193e7f3f5f0, 0x000001938a80d8c0, 0x000001938a80e6e0, 0x000001938a810d20,
0x000001938a813890, 0x000001938a814900, 0x000001938a815490, 0x000001938a81d540,
0x000001938dc0b4b0, 0x000001938dcd5c80, 0x000001938a7e45e0, 0x000001938dd6e5c0,
0x000001938de56d80, 0x000001938de573f0, 0x00000193d3059c10, 0x00000193d30b7860,
0x00000193d30c1880, 0x00000193dabe74b0, 0x00000193dabe5a70, 0x00000193dabe6790,
0x00000193dabe53e0
}

Java Threads: ( => current thread )
=>0x00000193e7f3f5f0 JavaThread "main"                              [_thread_in_vm, id=18544, stack(0x000000231f000000,0x000000231f100000) (1024K)]
  0x000001938a80d8c0 JavaThread "Reference Handler"          daemon [_thread_blocked, id=24144, stack(0x000000231f800000,0x000000231f900000) (1024K)]
  0x000001938a80e6e0 JavaThread "Finalizer"                  daemon [_thread_blocked, id=16072, stack(0x000000231f900000,0x000000231fa00000) (1024K)]
  0x000001938a810d20 JavaThread "Signal Dispatcher"          daemon [_thread_blocked, id=14096, stack(0x000000231fa00000,0x000000231fb00000) (1024K)]
  0x000001938a813890 JavaThread "Attach Listener"            daemon [_thread_blocked, id=21548, stack(0x000000231fb00000,0x000000231fc00000) (1024K)]
  0x000001938a814900 JavaThread "Service Thread"             daemon [_thread_blocked, id=18164, stack(0x000000231fc00000,0x000000231fd00000) (1024K)]
  0x000001938a815490 JavaThread "Monitor Deflation Thread"   daemon [_thread_blocked, id=15192, stack(0x000000231fd00000,0x000000231fe00000) (1024K)]
  0x000001938a81d540 JavaThread "C2 CompilerThread0"         daemon [_thread_blocked, id=18876, stack(0x000000231fe00000,0x000000231ff00000) (1024K)]
  0x000001938dc0b4b0 JavaThread "C1 CompilerThread0"         daemon [_thread_blocked, id=27244, stack(0x000000231ff00000,0x0000002320000000) (1024K)]
  0x000001938dcd5c80 JavaThread "C1 CompilerThread1"         daemon [_thread_blocked, id=29304, stack(0x0000002320000000,0x0000002320100000) (1024K)]
  0x000001938a7e45e0 JavaThread "Common-Cleaner"             daemon [_thread_blocked, id=27520, stack(0x0000002320100000,0x0000002320200000) (1024K)]
  0x000001938dd6e5c0 JavaThread "C1 CompilerThread2"         daemon [_thread_blocked, id=19948, stack(0x0000002320200000,0x0000002320300000) (1024K)]
  0x000001938de56d80 JavaThread "Monitor Ctrl-Break"         daemon [_thread_in_native, id=21180, stack(0x0000002320400000,0x0000002320500000) (1024K)]
  0x000001938de573f0 JavaThread "Notification Thread"        daemon [_thread_blocked, id=17284, stack(0x0000002320500000,0x0000002320600000) (1024K)]
  0x00000193d3059c10 JavaThread "C1 CompilerThread3"         daemon [_thread_blocked, id=8284, stack(0x0000002320600000,0x0000002320700000) (1024K)]
  0x00000193d30b7860 JavaThread "Java2D Disposer"            daemon [_thread_blocked, id=27292, stack(0x0000002320700000,0x0000002320800000) (1024K)]
  0x00000193d30c1880 JavaThread "AWT-Windows"                daemon [_thread_in_native, id=24596, stack(0x0000002320900000,0x0000002320a00000) (1024K)]
  0x00000193dabe74b0 JavaThread "RMI TCP Accept-0"           daemon [_thread_in_native, id=2260, stack(0x0000002320300000,0x0000002320400000) (1024K)]
  0x00000193dabe5a70 JavaThread "RMI TCP Connection(1)-192.168.1.8" daemon [_thread_blocked, id=23484, stack(0x0000002320800000,0x0000002320900000) (1024K)]
  0x00000193dabe6790 JavaThread "RMI Scheduler(0)"           daemon [_thread_blocked, id=22044, stack(0x0000002320c70000,0x0000002320d70000) (1024K)]
  0x00000193dabe53e0 JavaThread "JMX server connection timeout 38" daemon [_thread_blocked, id=2492, stack(0x0000002320f70000,0x0000002321070000) (1024K)]
Total: 21

Other Threads:
  0x000001938a7f6110 VMThread "VM Thread"                           [id=9144, stack(0x000000231f700000,0x000000231f800000) (1024K)] _threads_hazard_ptr=0x00000193db2d1570
  0x000001938dbe10a0 WatcherThread "VM Periodic Task Thread"        [id=27672, stack(0x000000231f600000,0x000000231f700000) (1024K)]
  0x000001938a65feb0 WorkerThread "GC Thread#0"                     [id=19776, stack(0x000000231f100000,0x000000231f200000) (1024K)]
  0x00000193e7fbfe60 ConcurrentGCThread "G1 Main Marker"            [id=3924, stack(0x000000231f200000,0x000000231f300000) (1024K)]
  0x00000193e7fc1020 WorkerThread "G1 Conc#0"                       [id=28708, stack(0x000000231f300000,0x000000231f400000) (1024K)]
  0x000001938a722a10 ConcurrentGCThread "G1 Refine#0"               [id=29480, stack(0x000000231f400000,0x000000231f500000) (1024K)]
  0x000001938a7255a0 ConcurrentGCThread "G1 Service"                [id=11616, stack(0x000000231f500000,0x000000231f600000) (1024K)]
Total: 7

Threads with active compile tasks:
Total: 0

VM state: not at safepoint (normal execution)

VM Mutex/Monitor currently owned by a thread: None

Heap address: 0x0000000601400000, size: 8172 MB, Compressed Oops mode: Zero based, Oop shift amount: 3

CDS archive(s) mapped at: [0x000001938e000000-0x000001938ed70000-0x000001938ed70000), size 14090240, SharedBaseAddress: 0x000001938e000000, ArchiveRelocationMode: 1.
Compressed class space mapped at: 0x000001938f000000-0x00000193cf000000, reserved size: 1073741824
Narrow klass base: 0x000001938e000000, Narrow klass shift: 0, Narrow klass range: 0x41000000

GC Precious Log:
 CardTable entry size: 512
 Card Set container configuration: InlinePtr #cards 4 size 8 Array Of Cards #cards 32 size 80 Howl #buckets 8 coarsen threshold 7372 Howl Bitmap #cards 1024 size 144 coarsen threshold 921 Card regions per heap region 1 cards per card region 8192
 CPUs: 24 total, 24 available
 Memory: 32676M
 Large Page Support: Disabled
 NUMA Support: Disabled
 Compressed Oops: Enabled (Zero based)
 Heap Region Size: 4M
 Heap Min Capacity: 8M
 Heap Initial Capacity: 512M
 Heap Max Capacity: 8172M
 Pre-touch: Disabled
 Parallel Workers: 18
 Concurrent Workers: 5
 Concurrent Refinement Workers: 18
 Periodic GC: Disabled

Heap:
 garbage-first heap   total reserved 8368128K, committed 524288K, used 16384K [0x0000000601400000, 0x0000000800000000)
  region size 4096K, 5 young (20480K), 0 survivors (0K)
 Metaspace       used 10167K, committed 10496K, reserved 1114112K
  class space    used 1132K, committed 1280K, reserved 1048576K

Heap Regions: E=young(eden), S=young(survivor), O=old, HS=humongous(starts), HC=humongous(continues), CS=collection set, F=free, TAMS=top-at-mark-start, PB=parsable bottom
|   0|0x0000000601400000, 0x0000000601400000, 0x0000000601800000|  0%| F|  |TAMS 0x0000000601400000| PB 0x0000000601400000| Untracked |  0
|   1|0x0000000601800000, 0x0000000601800000, 0x0000000601c00000|  0%| F|  |TAMS 0x0000000601800000| PB 0x0000000601800000| Untracked |  0
|   2|0x0000000601c00000, 0x0000000601c00000, 0x0000000602000000|  0%| F|  |TAMS 0x0000000601c00000| PB 0x0000000601c00000| Untracked |  0
|   3|0x0000000602000000, 0x0000000602000000, 0x0000000602400000|  0%| F|  |TAMS 0x0000000602000000| PB 0x0000000602000000| Untracked |  0
|   4|0x0000000602400000, 0x0000000602400000, 0x0000000602800000|  0%| F|  |TAMS 0x0000000602400000| PB 0x0000000602400000| Untracked |  0
|   5|0x0000000602800000, 0x0000000602800000, 0x0000000602c00000|  0%| F|  |TAMS 0x0000000602800000| PB 0x0000000602800000| Untracked |  0
|   6|0x0000000602c00000, 0x0000000602c00000, 0x0000000603000000|  0%| F|  |TAMS 0x0000000602c00000| PB 0x0000000602c00000| Untracked |  0
|   7|0x0000000603000000, 0x0000000603000000, 0x0000000603400000|  0%| F|  |TAMS 0x0000000603000000| PB 0x0000000603000000| Untracked |  0
|   8|0x0000000603400000, 0x0000000603400000, 0x0000000603800000|  0%| F|  |TAMS 0x0000000603400000| PB 0x0000000603400000| Untracked |  0
|   9|0x0000000603800000, 0x0000000603800000, 0x0000000603c00000|  0%| F|  |TAMS 0x0000000603800000| PB 0x0000000603800000| Untracked |  0
|  10|0x0000000603c00000, 0x0000000603c00000, 0x0000000604000000|  0%| F|  |TAMS 0x0000000603c00000| PB 0x0000000603c00000| Untracked |  0
|  11|0x0000000604000000, 0x0000000604000000, 0x0000000604400000|  0%| F|  |TAMS 0x0000000604000000| PB 0x0000000604000000| Untracked |  0
|  12|0x0000000604400000, 0x0000000604400000, 0x0000000604800000|  0%| F|  |TAMS 0x0000000604400000| PB 0x0000000604400000| Untracked |  0
|  13|0x0000000604800000, 0x0000000604800000, 0x0000000604c00000|  0%| F|  |TAMS 0x0000000604800000| PB 0x0000000604800000| Untracked |  0
|  14|0x0000000604c00000, 0x0000000604c00000, 0x0000000605000000|  0%| F|  |TAMS 0x0000000604c00000| PB 0x0000000604c00000| Untracked |  0
|  15|0x0000000605000000, 0x0000000605000000, 0x0000000605400000|  0%| F|  |TAMS 0x0000000605000000| PB 0x0000000605000000| Untracked |  0
|  16|0x0000000605400000, 0x0000000605400000, 0x0000000605800000|  0%| F|  |TAMS 0x0000000605400000| PB 0x0000000605400000| Untracked |  0
|  17|0x0000000605800000, 0x0000000605800000, 0x0000000605c00000|  0%| F|  |TAMS 0x0000000605800000| PB 0x0000000605800000| Untracked |  0
|  18|0x0000000605c00000, 0x0000000605c00000, 0x0000000606000000|  0%| F|  |TAMS 0x0000000605c00000| PB 0x0000000605c00000| Untracked |  0
|  19|0x0000000606000000, 0x0000000606000000, 0x0000000606400000|  0%| F|  |TAMS 0x0000000606000000| PB 0x0000000606000000| Untracked |  0
|  20|0x0000000606400000, 0x0000000606400000, 0x0000000606800000|  0%| F|  |TAMS 0x0000000606400000| PB 0x0000000606400000| Untracked |  0
|  21|0x0000000606800000, 0x0000000606800000, 0x0000000606c00000|  0%| F|  |TAMS 0x0000000606800000| PB 0x0000000606800000| Untracked |  0
|  22|0x0000000606c00000, 0x0000000606c00000, 0x0000000607000000|  0%| F|  |TAMS 0x0000000606c00000| PB 0x0000000606c00000| Untracked |  0
|  23|0x0000000607000000, 0x0000000607000000, 0x0000000607400000|  0%| F|  |TAMS 0x0000000607000000| PB 0x0000000607000000| Untracked |  0
|  24|0x0000000607400000, 0x0000000607400000, 0x0000000607800000|  0%| F|  |TAMS 0x0000000607400000| PB 0x0000000607400000| Untracked |  0
|  25|0x0000000607800000, 0x0000000607800000, 0x0000000607c00000|  0%| F|  |TAMS 0x0000000607800000| PB 0x0000000607800000| Untracked |  0
|  26|0x0000000607c00000, 0x0000000607c00000, 0x0000000608000000|  0%| F|  |TAMS 0x0000000607c00000| PB 0x0000000607c00000| Untracked |  0
|  27|0x0000000608000000, 0x0000000608000000, 0x0000000608400000|  0%| F|  |TAMS 0x0000000608000000| PB 0x0000000608000000| Untracked |  0
|  28|0x0000000608400000, 0x0000000608400000, 0x0000000608800000|  0%| F|  |TAMS 0x0000000608400000| PB 0x0000000608400000| Untracked |  0
|  29|0x0000000608800000, 0x0000000608800000, 0x0000000608c00000|  0%| F|  |TAMS 0x0000000608800000| PB 0x0000000608800000| Untracked |  0
|  30|0x0000000608c00000, 0x0000000608c00000, 0x0000000609000000|  0%| F|  |TAMS 0x0000000608c00000| PB 0x0000000608c00000| Untracked |  0
|  31|0x0000000609000000, 0x0000000609000000, 0x0000000609400000|  0%| F|  |TAMS 0x0000000609000000| PB 0x0000000609000000| Untracked |  0
|  32|0x0000000609400000, 0x0000000609400000, 0x0000000609800000|  0%| F|  |TAMS 0x0000000609400000| PB 0x0000000609400000| Untracked |  0
|  33|0x0000000609800000, 0x0000000609800000, 0x0000000609c00000|  0%| F|  |TAMS 0x0000000609800000| PB 0x0000000609800000| Untracked |  0
|  34|0x0000000609c00000, 0x0000000609c00000, 0x000000060a000000|  0%| F|  |TAMS 0x0000000609c00000| PB 0x0000000609c00000| Untracked |  0
|  35|0x000000060a000000, 0x000000060a000000, 0x000000060a400000|  0%| F|  |TAMS 0x000000060a000000| PB 0x000000060a000000| Untracked |  0
|  36|0x000000060a400000, 0x000000060a400000, 0x000000060a800000|  0%| F|  |TAMS 0x000000060a400000| PB 0x000000060a400000| Untracked |  0
|  37|0x000000060a800000, 0x000000060a800000, 0x000000060ac00000|  0%| F|  |TAMS 0x000000060a800000| PB 0x000000060a800000| Untracked |  0
|  38|0x000000060ac00000, 0x000000060ac00000, 0x000000060b000000|  0%| F|  |TAMS 0x000000060ac00000| PB 0x000000060ac00000| Untracked |  0
|  39|0x000000060b000000, 0x000000060b000000, 0x000000060b400000|  0%| F|  |TAMS 0x000000060b000000| PB 0x000000060b000000| Untracked |  0
|  40|0x000000060b400000, 0x000000060b400000, 0x000000060b800000|  0%| F|  |TAMS 0x000000060b400000| PB 0x000000060b400000| Untracked |  0
|  41|0x000000060b800000, 0x000000060b800000, 0x000000060bc00000|  0%| F|  |TAMS 0x000000060b800000| PB 0x000000060b800000| Untracked |  0
|  42|0x000000060bc00000, 0x000000060bc00000, 0x000000060c000000|  0%| F|  |TAMS 0x000000060bc00000| PB 0x000000060bc00000| Untracked |  0
|  43|0x000000060c000000, 0x000000060c000000, 0x000000060c400000|  0%| F|  |TAMS 0x000000060c000000| PB 0x000000060c000000| Untracked |  0
|  44|0x000000060c400000, 0x000000060c400000, 0x000000060c800000|  0%| F|  |TAMS 0x000000060c400000| PB 0x000000060c400000| Untracked |  0
|  45|0x000000060c800000, 0x000000060c800000, 0x000000060cc00000|  0%| F|  |TAMS 0x000000060c800000| PB 0x000000060c800000| Untracked |  0
|  46|0x000000060cc00000, 0x000000060cc00000, 0x000000060d000000|  0%| F|  |TAMS 0x000000060cc00000| PB 0x000000060cc00000| Untracked |  0
|  47|0x000000060d000000, 0x000000060d000000, 0x000000060d400000|  0%| F|  |TAMS 0x000000060d000000| PB 0x000000060d000000| Untracked |  0
|  48|0x000000060d400000, 0x000000060d400000, 0x000000060d800000|  0%| F|  |TAMS 0x000000060d400000| PB 0x000000060d400000| Untracked |  0
|  49|0x000000060d800000, 0x000000060d800000, 0x000000060dc00000|  0%| F|  |TAMS 0x000000060d800000| PB 0x000000060d800000| Untracked |  0
|  50|0x000000060dc00000, 0x000000060dc00000, 0x000000060e000000|  0%| F|  |TAMS 0x000000060dc00000| PB 0x000000060dc00000| Untracked |  0
|  51|0x000000060e000000, 0x000000060e000000, 0x000000060e400000|  0%| F|  |TAMS 0x000000060e000000| PB 0x000000060e000000| Untracked |  0
|  52|0x000000060e400000, 0x000000060e400000, 0x000000060e800000|  0%| F|  |TAMS 0x000000060e400000| PB 0x000000060e400000| Untracked |  0
|  53|0x000000060e800000, 0x000000060e800000, 0x000000060ec00000|  0%| F|  |TAMS 0x000000060e800000| PB 0x000000060e800000| Untracked |  0
|  54|0x000000060ec00000, 0x000000060ec00000, 0x000000060f000000|  0%| F|  |TAMS 0x000000060ec00000| PB 0x000000060ec00000| Untracked |  0
|  55|0x000000060f000000, 0x000000060f000000, 0x000000060f400000|  0%| F|  |TAMS 0x000000060f000000| PB 0x000000060f000000| Untracked |  0
|  56|0x000000060f400000, 0x000000060f400000, 0x000000060f800000|  0%| F|  |TAMS 0x000000060f400000| PB 0x000000060f400000| Untracked |  0
|  57|0x000000060f800000, 0x000000060f800000, 0x000000060fc00000|  0%| F|  |TAMS 0x000000060f800000| PB 0x000000060f800000| Untracked |  0
|  58|0x000000060fc00000, 0x000000060fc00000, 0x0000000610000000|  0%| F|  |TAMS 0x000000060fc00000| PB 0x000000060fc00000| Untracked |  0
|  59|0x0000000610000000, 0x0000000610000000, 0x0000000610400000|  0%| F|  |TAMS 0x0000000610000000| PB 0x0000000610000000| Untracked |  0
|  60|0x0000000610400000, 0x0000000610400000, 0x0000000610800000|  0%| F|  |TAMS 0x0000000610400000| PB 0x0000000610400000| Untracked |  0
|  61|0x0000000610800000, 0x0000000610800000, 0x0000000610c00000|  0%| F|  |TAMS 0x0000000610800000| PB 0x0000000610800000| Untracked |  0
|  62|0x0000000610c00000, 0x0000000610c00000, 0x0000000611000000|  0%| F|  |TAMS 0x0000000610c00000| PB 0x0000000610c00000| Untracked |  0
|  63|0x0000000611000000, 0x0000000611000000, 0x0000000611400000|  0%| F|  |TAMS 0x0000000611000000| PB 0x0000000611000000| Untracked |  0
|  64|0x0000000611400000, 0x0000000611400000, 0x0000000611800000|  0%| F|  |TAMS 0x0000000611400000| PB 0x0000000611400000| Untracked |  0
|  65|0x0000000611800000, 0x0000000611800000, 0x0000000611c00000|  0%| F|  |TAMS 0x0000000611800000| PB 0x0000000611800000| Untracked |  0
|  66|0x0000000611c00000, 0x0000000611c00000, 0x0000000612000000|  0%| F|  |TAMS 0x0000000611c00000| PB 0x0000000611c00000| Untracked |  0
|  67|0x0000000612000000, 0x0000000612000000, 0x0000000612400000|  0%| F|  |TAMS 0x0000000612000000| PB 0x0000000612000000| Untracked |  0
|  68|0x0000000612400000, 0x0000000612400000, 0x0000000612800000|  0%| F|  |TAMS 0x0000000612400000| PB 0x0000000612400000| Untracked |  0
|  69|0x0000000612800000, 0x0000000612800000, 0x0000000612c00000|  0%| F|  |TAMS 0x0000000612800000| PB 0x0000000612800000| Untracked |  0
|  70|0x0000000612c00000, 0x0000000612c00000, 0x0000000613000000|  0%| F|  |TAMS 0x0000000612c00000| PB 0x0000000612c00000| Untracked |  0
|  71|0x0000000613000000, 0x0000000613000000, 0x0000000613400000|  0%| F|  |TAMS 0x0000000613000000| PB 0x0000000613000000| Untracked |  0
|  72|0x0000000613400000, 0x0000000613400000, 0x0000000613800000|  0%| F|  |TAMS 0x0000000613400000| PB 0x0000000613400000| Untracked |  0
|  73|0x0000000613800000, 0x0000000613800000, 0x0000000613c00000|  0%| F|  |TAMS 0x0000000613800000| PB 0x0000000613800000| Untracked |  0
|  74|0x0000000613c00000, 0x0000000613c00000, 0x0000000614000000|  0%| F|  |TAMS 0x0000000613c00000| PB 0x0000000613c00000| Untracked |  0
|  75|0x0000000614000000, 0x0000000614000000, 0x0000000614400000|  0%| F|  |TAMS 0x0000000614000000| PB 0x0000000614000000| Untracked |  0
|  76|0x0000000614400000, 0x0000000614400000, 0x0000000614800000|  0%| F|  |TAMS 0x0000000614400000| PB 0x0000000614400000| Untracked |  0
|  77|0x0000000614800000, 0x0000000614800000, 0x0000000614c00000|  0%| F|  |TAMS 0x0000000614800000| PB 0x0000000614800000| Untracked |  0
|  78|0x0000000614c00000, 0x0000000614c00000, 0x0000000615000000|  0%| F|  |TAMS 0x0000000614c00000| PB 0x0000000614c00000| Untracked |  0
|  79|0x0000000615000000, 0x0000000615000000, 0x0000000615400000|  0%| F|  |TAMS 0x0000000615000000| PB 0x0000000615000000| Untracked |  0
|  80|0x0000000615400000, 0x0000000615400000, 0x0000000615800000|  0%| F|  |TAMS 0x0000000615400000| PB 0x0000000615400000| Untracked |  0
|  81|0x0000000615800000, 0x0000000615800000, 0x0000000615c00000|  0%| F|  |TAMS 0x0000000615800000| PB 0x0000000615800000| Untracked |  0
|  82|0x0000000615c00000, 0x0000000615c00000, 0x0000000616000000|  0%| F|  |TAMS 0x0000000615c00000| PB 0x0000000615c00000| Untracked |  0
|  83|0x0000000616000000, 0x0000000616000000, 0x0000000616400000|  0%| F|  |TAMS 0x0000000616000000| PB 0x0000000616000000| Untracked |  0
|  84|0x0000000616400000, 0x0000000616400000, 0x0000000616800000|  0%| F|  |TAMS 0x0000000616400000| PB 0x0000000616400000| Untracked |  0
|  85|0x0000000616800000, 0x0000000616800000, 0x0000000616c00000|  0%| F|  |TAMS 0x0000000616800000| PB 0x0000000616800000| Untracked |  0
|  86|0x0000000616c00000, 0x0000000616c00000, 0x0000000617000000|  0%| F|  |TAMS 0x0000000616c00000| PB 0x0000000616c00000| Untracked |  0
|  87|0x0000000617000000, 0x0000000617000000, 0x0000000617400000|  0%| F|  |TAMS 0x0000000617000000| PB 0x0000000617000000| Untracked |  0
|  88|0x0000000617400000, 0x0000000617400000, 0x0000000617800000|  0%| F|  |TAMS 0x0000000617400000| PB 0x0000000617400000| Untracked |  0
|  89|0x0000000617800000, 0x0000000617800000, 0x0000000617c00000|  0%| F|  |TAMS 0x0000000617800000| PB 0x0000000617800000| Untracked |  0
|  90|0x0000000617c00000, 0x0000000617c00000, 0x0000000618000000|  0%| F|  |TAMS 0x0000000617c00000| PB 0x0000000617c00000| Untracked |  0
|  91|0x0000000618000000, 0x0000000618000000, 0x0000000618400000|  0%| F|  |TAMS 0x0000000618000000| PB 0x0000000618000000| Untracked |  0
|  92|0x0000000618400000, 0x0000000618400000, 0x0000000618800000|  0%| F|  |TAMS 0x0000000618400000| PB 0x0000000618400000| Untracked |  0
|  93|0x0000000618800000, 0x0000000618800000, 0x0000000618c00000|  0%| F|  |TAMS 0x0000000618800000| PB 0x0000000618800000| Untracked |  0
|  94|0x0000000618c00000, 0x0000000618c00000, 0x0000000619000000|  0%| F|  |TAMS 0x0000000618c00000| PB 0x0000000618c00000| Untracked |  0
|  95|0x0000000619000000, 0x0000000619000000, 0x0000000619400000|  0%| F|  |TAMS 0x0000000619000000| PB 0x0000000619000000| Untracked |  0
|  96|0x0000000619400000, 0x0000000619400000, 0x0000000619800000|  0%| F|  |TAMS 0x0000000619400000| PB 0x0000000619400000| Untracked |  0
|  97|0x0000000619800000, 0x0000000619800000, 0x0000000619c00000|  0%| F|  |TAMS 0x0000000619800000| PB 0x0000000619800000| Untracked |  0
|  98|0x0000000619c00000, 0x0000000619c00000, 0x000000061a000000|  0%| F|  |TAMS 0x0000000619c00000| PB 0x0000000619c00000| Untracked |  0
|  99|0x000000061a000000, 0x000000061a000000, 0x000000061a400000|  0%| F|  |TAMS 0x000000061a000000| PB 0x000000061a000000| Untracked |  0
| 100|0x000000061a400000, 0x000000061a400000, 0x000000061a800000|  0%| F|  |TAMS 0x000000061a400000| PB 0x000000061a400000| Untracked |  0
| 101|0x000000061a800000, 0x000000061a800000, 0x000000061ac00000|  0%| F|  |TAMS 0x000000061a800000| PB 0x000000061a800000| Untracked |  0
| 102|0x000000061ac00000, 0x000000061ac00000, 0x000000061b000000|  0%| F|  |TAMS 0x000000061ac00000| PB 0x000000061ac00000| Untracked |  0
| 103|0x000000061b000000, 0x000000061b000000, 0x000000061b400000|  0%| F|  |TAMS 0x000000061b000000| PB 0x000000061b000000| Untracked |  0
| 104|0x000000061b400000, 0x000000061b400000, 0x000000061b800000|  0%| F|  |TAMS 0x000000061b400000| PB 0x000000061b400000| Untracked |  0
| 105|0x000000061b800000, 0x000000061b800000, 0x000000061bc00000|  0%| F|  |TAMS 0x000000061b800000| PB 0x000000061b800000| Untracked |  0
| 106|0x000000061bc00000, 0x000000061bc00000, 0x000000061c000000|  0%| F|  |TAMS 0x000000061bc00000| PB 0x000000061bc00000| Untracked |  0
| 107|0x000000061c000000, 0x000000061c000000, 0x000000061c400000|  0%| F|  |TAMS 0x000000061c000000| PB 0x000000061c000000| Untracked |  0
| 108|0x000000061c400000, 0x000000061c400000, 0x000000061c800000|  0%| F|  |TAMS 0x000000061c400000| PB 0x000000061c400000| Untracked |  0
| 109|0x000000061c800000, 0x000000061c800000, 0x000000061cc00000|  0%| F|  |TAMS 0x000000061c800000| PB 0x000000061c800000| Untracked |  0
| 110|0x000000061cc00000, 0x000000061cc00000, 0x000000061d000000|  0%| F|  |TAMS 0x000000061cc00000| PB 0x000000061cc00000| Untracked |  0
| 111|0x000000061d000000, 0x000000061d000000, 0x000000061d400000|  0%| F|  |TAMS 0x000000061d000000| PB 0x000000061d000000| Untracked |  0
| 112|0x000000061d400000, 0x000000061d400000, 0x000000061d800000|  0%| F|  |TAMS 0x000000061d400000| PB 0x000000061d400000| Untracked |  0
| 113|0x000000061d800000, 0x000000061d800000, 0x000000061dc00000|  0%| F|  |TAMS 0x000000061d800000| PB 0x000000061d800000| Untracked |  0
| 114|0x000000061dc00000, 0x000000061dc00000, 0x000000061e000000|  0%| F|  |TAMS 0x000000061dc00000| PB 0x000000061dc00000| Untracked |  0
| 115|0x000000061e000000, 0x000000061e000000, 0x000000061e400000|  0%| F|  |TAMS 0x000000061e000000| PB 0x000000061e000000| Untracked |  0
| 116|0x000000061e400000, 0x000000061e400000, 0x000000061e800000|  0%| F|  |TAMS 0x000000061e400000| PB 0x000000061e400000| Untracked |  0
| 117|0x000000061e800000, 0x000000061e800000, 0x000000061ec00000|  0%| F|  |TAMS 0x000000061e800000| PB 0x000000061e800000| Untracked |  0
| 118|0x000000061ec00000, 0x000000061ec00000, 0x000000061f000000|  0%| F|  |TAMS 0x000000061ec00000| PB 0x000000061ec00000| Untracked |  0
| 119|0x000000061f000000, 0x000000061f000000, 0x000000061f400000|  0%| F|  |TAMS 0x000000061f000000| PB 0x000000061f000000| Untracked |  0
| 120|0x000000061f400000, 0x000000061f400000, 0x000000061f800000|  0%| F|  |TAMS 0x000000061f400000| PB 0x000000061f400000| Untracked |  0
| 121|0x000000061f800000, 0x000000061f800000, 0x000000061fc00000|  0%| F|  |TAMS 0x000000061f800000| PB 0x000000061f800000| Untracked |  0
| 122|0x000000061fc00000, 0x000000061fc00000, 0x0000000620000000|  0%| F|  |TAMS 0x000000061fc00000| PB 0x000000061fc00000| Untracked |  0
| 123|0x0000000620000000, 0x00000006201eb8c8, 0x0000000620400000| 48%| E|  |TAMS 0x0000000620000000| PB 0x0000000620000000| Complete |  0
| 124|0x0000000620400000, 0x0000000620800000, 0x0000000620800000|100%| E|CS|TAMS 0x0000000620400000| PB 0x0000000620400000| Complete |  0
| 125|0x0000000620800000, 0x0000000620c00000, 0x0000000620c00000|100%| E|CS|TAMS 0x0000000620800000| PB 0x0000000620800000| Complete |  0
| 126|0x0000000620c00000, 0x0000000621000000, 0x0000000621000000|100%| E|CS|TAMS 0x0000000620c00000| PB 0x0000000620c00000| Complete |  0
| 127|0x0000000621000000, 0x0000000621400000, 0x0000000621400000|100%| E|CS|TAMS 0x0000000621000000| PB 0x0000000621000000| Complete |  0

Card table byte_map: [0x0000019381560000,0x0000019382560000] _byte_map_base: 0x000001937e556000

Marking Bits: (CMBitMap*) 0x000001938a6605c0
 Bits: [0x0000019382560000, 0x000001938a510000)

Polling page: 0x00000193e7700000

Metaspace:

Usage:
  Non-class:      8.82 MB used.
      Class:      1.11 MB used.
       Both:      9.93 MB used.

Virtual space:
  Non-class space:       64.00 MB reserved,       9.00 MB ( 14%) committed,  1 nodes.
      Class space:        1.00 GB reserved,       1.25 MB ( <1%) committed,  1 nodes.
             Both:        1.06 GB reserved,      10.25 MB ( <1%) committed. 

Chunk freelists:
   Non-Class:  6.93 MB
       Class:  14.71 MB
        Both:  21.64 MB

MaxMetaspaceSize: unlimited
CompressedClassSpaceSize: 1.00 GB
Initial GC threshold: 21.00 MB
Current GC threshold: 21.00 MB
CDS: on
 - commit_granule_bytes: 65536.
 - commit_granule_words: 8192.
 - virtual_space_node_default_size: 8388608.
 - enlarge_chunks_in_place: 1.
 - use_allocation_guard: 0.


Internal statistics:

num_allocs_failed_limit: 0.
num_arena_births: 248.
num_arena_deaths: 0.
num_vsnodes_births: 2.
num_vsnodes_deaths: 0.
num_space_committed: 164.
num_space_uncommitted: 0.
num_chunks_returned_to_freelist: 0.
num_chunks_taken_from_freelist: 329.
num_chunk_merges: 0.
num_chunk_splits: 187.
num_chunks_enlarged: 65.
num_inconsistent_stats: 0.

CodeHeap 'non-profiled nmethods': size=119232Kb used=398Kb max_used=398Kb free=118833Kb
 bounds [0x00000193f8200000, 0x00000193f8470000, 0x00000193ff670000]
CodeHeap 'profiled nmethods': size=119104Kb used=1923Kb max_used=1923Kb free=117180Kb
 bounds [0x00000193f0670000, 0x00000193f08e0000, 0x00000193f7ac0000]
CodeHeap 'non-nmethods': size=7424Kb used=3180Kb max_used=3189Kb free=4243Kb
 bounds [0x00000193f7ac0000, 0x00000193f7df0000, 0x00000193f8200000]
CodeCache: size=245760Kb, used=5501Kb, max_used=5510Kb, free=240256Kb
 total_blobs=2050, nmethods=1465, adapters=488, full_count=0
Compilation: enabled, stopped_count=0, restarted_count=0

Compilation events (20 events):
Event: 0.354 Thread 0x000001938dc0b4b0 nmethod 1380 0x00000193f0838808 code [0x00000193f0838980, 0x00000193f0838e08]
Event: 0.354 Thread 0x000001938dc0b4b0 1385       3       jdk.internal.jimage.BasicImageReader::verifyLocation (39 bytes)
Event: 0.354 Thread 0x000001938dcd5c80 nmethod 1384 0x00000193f0838e88 code [0x00000193f0838fe0, 0x00000193f0839320]
Event: 0.354 Thread 0x000001938dc0b4b0 nmethod 1385 0x00000193f0839388 code [0x00000193f08394e0, 0x00000193f08397c0]
Event: 0.354 Thread 0x000001938dd6e5c0 nmethod 1383 0x00000193f0839808 code [0x00000193f08399a0, 0x00000193f083a030]
Event: 0.354 Thread 0x00000193d3059c10 nmethod 1382 0x00000193f083a088 code [0x00000193f083a2c0, 0x00000193f083ade8]
Event: 0.354 Thread 0x00000193d36ff6b0 1386       4       jdk.internal.jimage.ImageStringsReader::unmaskedHashCode (166 bytes)
Event: 0.355 Thread 0x00000193d3059c10 1387       3       jdk.internal.jimage.ImageStringsReader::match (11 bytes)
Event: 0.355 Thread 0x000001938dc0b4b0 1389       3       jdk.internal.jimage.ImageStringsReader::stringFromByteBufferMatches (138 bytes)
Event: 0.355 Thread 0x000001938dd6e5c0 1388       3       jdk.internal.jimage.BasicImageReader::match (37 bytes)
Event: 0.355 Thread 0x00000193d3059c10 nmethod 1387 0x00000193f083ae88 code [0x00000193f083afa0, 0x00000193f083b170]
Event: 0.355 Thread 0x000001938dcd5c80 1390       3       jdk.internal.jimage.ImageLocation::verifyName (161 bytes)
Event: 0.355 Thread 0x000001938dd6e5c0 nmethod 1388 0x00000193f083b208 code [0x00000193f083b340, 0x00000193f083b580]
Event: 0.355 Thread 0x000001938dd78110 1391   !   4       java.nio.DirectByteBuffer::get (34 bytes)
Event: 0.355 Thread 0x000001938dc0b4b0 nmethod 1389 0x00000193f083b608 code [0x00000193f083b860, 0x00000193f083c938]
Event: 0.356 Thread 0x000001938dcd5c80 nmethod 1390 0x00000193f083ca08 code [0x00000193f083ccc0, 0x00000193f083e208]
Event: 0.356 Thread 0x000001938dd78110 nmethod 1391 0x00000193f825bd88 code [0x00000193f825bea0, 0x00000193f825bff0]
Event: 0.356 Thread 0x00000193d3059c10 1392       3       java.lang.PublicMethods$Key::matches (31 bytes)
Event: 0.356 Thread 0x00000193d3059c10 nmethod 1392 0x00000193f083e308 code [0x00000193f083e460, 0x00000193f083e760]
Event: 0.357 Thread 0x00000193d36ff6b0 nmethod 1386 0x00000193f825c088 code [0x00000193f825c1a0, 0x00000193f825c398]

GC Heap History (0 events):
No events

Dll operation events (13 events):
Event: 0.005 Loaded shared library C:\Users\zygmo\.jdks\openjdk-23.0.1\bin\java.dll
Event: 0.026 Loaded shared library C:\Users\zygmo\.jdks\openjdk-23.0.1\bin\jsvml.dll
Event: 0.051 Loaded shared library C:\Users\zygmo\.jdks\openjdk-23.0.1\bin\zip.dll
Event: 0.053 Loaded shared library C:\Users\zygmo\.jdks\openjdk-23.0.1\bin\instrument.dll
Event: 0.057 Loaded shared library C:\Users\zygmo\.jdks\openjdk-23.0.1\bin\net.dll
Event: 0.058 Loaded shared library C:\Users\zygmo\.jdks\openjdk-23.0.1\bin\nio.dll
Event: 0.060 Loaded shared library C:\Users\zygmo\.jdks\openjdk-23.0.1\bin\zip.dll
Event: 0.066 Loaded shared library C:\Program Files\JetBrains\IntelliJ IDEA 2024.3\bin\breakgen64.dll
Event: 0.071 Loaded shared library C:\Users\zygmo\.jdks\openjdk-23.0.1\bin\jimage.dll
Event: 0.071 Loaded shared library C:\Users\zygmo\.jdks\openjdk-23.0.1\bin\extnet.dll
Event: 0.081 Loaded shared library C:\Users\zygmo\.jdks\openjdk-23.0.1\bin\awt.dll
Event: 0.117 Loaded shared library C:\Users\zygmo\.jdks\openjdk-23.0.1\bin\management.dll
Event: 0.123 Loaded shared library C:\Users\zygmo\.jdks\openjdk-23.0.1\bin\management_ext.dll

Deoptimization events (20 events):
Event: 0.331 Thread 0x00000193e7f3f5f0 Uncommon trap: trap_request=0xffffffc6 fr.pc=0x00000193f8238f44 relative=0x0000000000000bc4
Event: 0.331 Thread 0x00000193e7f3f5f0 Uncommon trap: reason=bimorphic_or_optimized_type_check action=maybe_recompile pc=0x00000193f8238f44 method=java.util.HashMap.putVal(ILjava/lang/Object;Ljava/lang/Object;ZZ)Ljava/lang/Object; @ 56 c2
Event: 0.331 Thread 0x00000193e7f3f5f0 DEOPT PACKING pc=0x00000193f8238f44 sp=0x000000231f0fef30
Event: 0.331 Thread 0x00000193e7f3f5f0 DEOPT UNPACKING pc=0x00000193f7b14402 sp=0x000000231f0fee60 mode 2
Event: 0.331 Thread 0x00000193e7f3f5f0 Uncommon trap: trap_request=0xffffffc6 fr.pc=0x00000193f8238f44 relative=0x0000000000000bc4
Event: 0.331 Thread 0x00000193e7f3f5f0 Uncommon trap: reason=bimorphic_or_optimized_type_check action=maybe_recompile pc=0x00000193f8238f44 method=java.util.HashMap.putVal(ILjava/lang/Object;Ljava/lang/Object;ZZ)Ljava/lang/Object; @ 56 c2
Event: 0.331 Thread 0x00000193e7f3f5f0 DEOPT PACKING pc=0x00000193f8238f44 sp=0x000000231f0fef30
Event: 0.331 Thread 0x00000193e7f3f5f0 DEOPT UNPACKING pc=0x00000193f7b14402 sp=0x000000231f0fee60 mode 2
Event: 0.331 Thread 0x00000193e7f3f5f0 Uncommon trap: trap_request=0xffffffc6 fr.pc=0x00000193f8238f44 relative=0x0000000000000bc4
Event: 0.331 Thread 0x00000193e7f3f5f0 Uncommon trap: reason=bimorphic_or_optimized_type_check action=maybe_recompile pc=0x00000193f8238f44 method=java.util.HashMap.putVal(ILjava/lang/Object;Ljava/lang/Object;ZZ)Ljava/lang/Object; @ 56 c2
Event: 0.331 Thread 0x00000193e7f3f5f0 DEOPT PACKING pc=0x00000193f8238f44 sp=0x000000231f0fef30
Event: 0.331 Thread 0x00000193e7f3f5f0 DEOPT UNPACKING pc=0x00000193f7b14402 sp=0x000000231f0fee60 mode 2
Event: 0.331 Thread 0x00000193e7f3f5f0 Uncommon trap: trap_request=0xffffffc6 fr.pc=0x00000193f8238f44 relative=0x0000000000000bc4
Event: 0.331 Thread 0x00000193e7f3f5f0 Uncommon trap: reason=bimorphic_or_optimized_type_check action=maybe_recompile pc=0x00000193f8238f44 method=java.util.HashMap.putVal(ILjava/lang/Object;Ljava/lang/Object;ZZ)Ljava/lang/Object; @ 56 c2
Event: 0.331 Thread 0x00000193e7f3f5f0 DEOPT PACKING pc=0x00000193f8238f44 sp=0x000000231f0fef30
Event: 0.331 Thread 0x00000193e7f3f5f0 DEOPT UNPACKING pc=0x00000193f7b14402 sp=0x000000231f0fee60 mode 2
Event: 0.340 Thread 0x00000193e7f3f5f0 Uncommon trap: trap_request=0xffffff45 fr.pc=0x00000193f8254d90 relative=0x00000000000004b0
Event: 0.340 Thread 0x00000193e7f3f5f0 Uncommon trap: reason=unstable_if action=reinterpret pc=0x00000193f8254d90 method=java.util.HashMap.hash(Ljava/lang/Object;)I @ 1 c2
Event: 0.340 Thread 0x00000193e7f3f5f0 DEOPT PACKING pc=0x00000193f8254d90 sp=0x000000231f0ff170
Event: 0.340 Thread 0x00000193e7f3f5f0 DEOPT UNPACKING pc=0x00000193f7b14402 sp=0x000000231f0ff068 mode 2

Classes loaded (20 events):
Event: 0.353 Loading class com/sun/imageio/spi/RAFImageOutputStreamSpi
Event: 0.353 Loading class com/sun/imageio/spi/RAFImageOutputStreamSpi done
Event: 0.353 Loading class javax/imageio/spi/IIORegistry$1
Event: 0.353 Loading class javax/imageio/spi/IIORegistry$1 done
Event: 0.355 Loading class javax/imageio/ImageReader
Event: 0.356 Loading class javax/imageio/ImageReader done
Event: 0.356 Loading class javax/imageio/metadata/IIOMetadataFormat
Event: 0.356 Loading class javax/imageio/metadata/IIOMetadataFormat done
Event: 0.356 Loading class javax/imageio/ImageTypeSpecifier
Event: 0.356 Loading class javax/imageio/ImageTypeSpecifier done
Event: 0.356 Loading class javax/imageio/ImageWriter
Event: 0.356 Loading class javax/imageio/ImageTranscoder
Event: 0.356 Loading class javax/imageio/ImageTranscoder done
Event: 0.356 Loading class javax/imageio/ImageWriter done
Event: 0.356 Loading class javax/imageio/spi/PartialOrderIterator
Event: 0.356 Loading class javax/imageio/spi/PartialOrderIterator done
Event: 0.356 Loading class javax/imageio/ImageIO$CacheInfo
Event: 0.356 Loading class javax/imageio/ImageIO$CacheInfo done
Event: 0.356 Loading class javax/imageio/stream/FileCacheImageInputStream
Event: 0.356 Loading class javax/imageio/stream/ImageInputStreamImpl

Classes unloaded (0 events):
No events

Classes redefined (0 events):
No events

Internal exceptions (18 events):
Event: 0.064 Thread 0x00000193e7f3f5f0 Exception <a 'java/lang/NoSuchMethodError'{0x00000006213bd3d8}: 'java.lang.Object java.lang.invoke.Invokers$Holder.invokeExact_MT(java.lang.Object, java.lang.Object, java.lang.Object, java.lang.Object, java.lang.Object)'> (0x00000006213bd3d8) 
thrown [s\open\src\hotspot\share\interpreter\linkResolver.cpp, line 796]
Event: 0.073 Thread 0x000001938de56d80 Exception <a 'java/lang/NoSuchMethodError'{0x00000006213e04d8}: 'void java.lang.invoke.DirectMethodHandle$Holder.invokeStatic(java.lang.Object, java.lang.Object)'> (0x00000006213e04d8) 
thrown [s\open\src\hotspot\share\interpreter\linkResolver.cpp, line 796]
Event: 0.075 Thread 0x00000193e7f3f5f0 Exception <a 'java/lang/ClassNotFoundException'{0x0000000620c073d0}: sun/awt/resources/spi/awtProvider> (0x0000000620c073d0) 
thrown [s\open\src\hotspot\share\classfile\systemDictionary.cpp, line 313]
Event: 0.088 Thread 0x00000193e7f3f5f0 Exception <a 'java/io/FileNotFoundException'{0x0000000620c58458}> (0x0000000620c58458) 
thrown [s\open\src\hotspot\share\prims\jni.cpp, line 520]
Event: 0.093 Thread 0x00000193e7f3f5f0 Exception <a 'java/io/FileNotFoundException'{0x0000000620c86840}> (0x0000000620c86840) 
thrown [s\open\src\hotspot\share\prims\jni.cpp, line 520]
Event: 0.125 Thread 0x000001938a813890 Exception <a 'java/lang/NoSuchMethodError'{0x0000000620db13e8}: 'int java.lang.invoke.DirectMethodHandle$Holder.invokeInterface(java.lang.Object, java.lang.Object)'> (0x0000000620db13e8) 
thrown [s\open\src\hotspot\share\interpreter\linkResolver.cpp, line 796]
Event: 0.125 Thread 0x000001938a813890 Exception <a 'java/lang/IncompatibleClassChangeError'{0x0000000620db4610}: Found class java.lang.Object, but interface was expected> (0x0000000620db4610) 
thrown [s\open\src\hotspot\share\interpreter\linkResolver.cpp, line 863]
Event: 0.152 Thread 0x000001938a813890 Exception <a 'java/lang/NoSuchMethodError'{0x0000000620f589d8}: 'void java.lang.invoke.DirectMethodHandle$Holder.invokeSpecial(java.lang.Object, java.lang.Object, java.lang.Object)'> (0x0000000620f589d8) 
thrown [s\open\src\hotspot\share\interpreter\linkResolver.cpp, line 796]
Event: 0.153 Thread 0x000001938a813890 Exception <a 'java/lang/NoSuchMethodError'{0x0000000620f624d8}: 'void java.lang.invoke.DirectMethodHandle$Holder.invokeStatic(java.lang.Object, int, java.lang.Object)'> (0x0000000620f624d8) 
thrown [s\open\src\hotspot\share\interpreter\linkResolver.cpp, line 796]
Event: 0.164 Thread 0x000001938a813890 Exception <a 'java/lang/NoSuchMethodError'{0x0000000620fa8ac0}: 'int java.lang.invoke.DirectMethodHandle$Holder.invokeSpecial(java.lang.Object, java.lang.Object, java.lang.Object)'> (0x0000000620fa8ac0) 
thrown [s\open\src\hotspot\share\interpreter\linkResolver.cpp, line 796]
Event: 0.184 Thread 0x000001938a813890 Exception <a 'java/lang/NoSuchMethodError'{0x00000006208f2ab8}: 'java.lang.Object java.lang.invoke.DirectMethodHandle$Holder.invokeStaticInit(java.lang.Object, java.lang.Object, java.lang.Object)'> (0x00000006208f2ab8) 
thrown [s\open\src\hotspot\share\interpreter\linkResolver.cpp, line 796]
Event: 0.273 Thread 0x000001938a813890 Exception <a 'java/lang/NoSuchMethodError'{0x000000062046a2c0}: 'java.lang.Object java.lang.invoke.DirectMethodHandle$Holder.invokeStaticInit(java.lang.Object, int, int, int, int)'> (0x000000062046a2c0) 
thrown [s\open\src\hotspot\share\interpreter\linkResolver.cpp, line 796]
Event: 0.290 Thread 0x000001938a813890 Exception <a 'java/lang/NoSuchMethodError'{0x0000000620530fa8}: 'java.lang.Object java.lang.invoke.DirectMethodHandle$Holder.invokeStaticInit(java.lang.Object, java.lang.Object, int, int, int, int)'> (0x0000000620530fa8) 
thrown [s\open\src\hotspot\share\interpreter\linkResolver.cpp, line 796]
Event: 0.313 Thread 0x00000193e7f3f5f0 Exception <a 'java/lang/NoSuchMethodError'{0x00000006205e21b8}: 'java.lang.Object java.lang.invoke.DirectMethodHandle$Holder.invokeStatic(java.lang.Object, int, java.lang.Object)'> (0x00000006205e21b8) 
thrown [s\open\src\hotspot\share\interpreter\linkResolver.cpp, line 796]
Event: 0.331 Thread 0x00000193e7f3f5f0 Exception <a 'java/lang/ClassNotFoundException'{0x0000000620684080}: com/sun/swing/internal/plaf/metal/resources/spi/metalProvider> (0x0000000620684080) 
thrown [s\open\src\hotspot\share\classfile\systemDictionary.cpp, line 313]
Event: 0.332 Thread 0x00000193e7f3f5f0 Exception <a 'java/lang/ClassNotFoundException'{0x0000000620688010}: com/sun/swing/internal/plaf/basic/resources/spi/basicProvider> (0x0000000620688010) 
thrown [s\open\src\hotspot\share\classfile\systemDictionary.cpp, line 313]
Event: 0.339 Thread 0x00000193e7f3f5f0 Exception <a 'java/lang/NoSuchMethodError'{0x00000006206a8110}: 'int java.lang.invoke.Invokers$Holder.invokeExact_MT(java.lang.Object, java.lang.Object)'> (0x00000006206a8110) 
thrown [s\open\src\hotspot\share\interpreter\linkResolver.cpp, line 796]
Event: 0.340 Thread 0x00000193e7f3f5f0 Implicit null exception at 0x00000193f8254932 to 0x00000193f8254d74

VM Operations (14 events):
Event: 0.043 Executing VM operation: HandshakeAllThreads (Deoptimize)
Event: 0.043 Executing VM operation: HandshakeAllThreads (Deoptimize) done
Event: 0.101 Executing VM operation: HandshakeAllThreads (Deoptimize)
Event: 0.101 Executing VM operation: HandshakeAllThreads (Deoptimize) done
Event: 0.106 Executing VM operation: HandshakeAllThreads (Deoptimize)
Event: 0.106 Executing VM operation: HandshakeAllThreads (Deoptimize) done
Event: 0.120 Executing VM operation: HandshakeAllThreads (Deoptimize)
Event: 0.120 Executing VM operation: HandshakeAllThreads (Deoptimize) done
Event: 0.120 Executing VM operation: HandshakeAllThreads (Deoptimize)
Event: 0.120 Executing VM operation: HandshakeAllThreads (Deoptimize) done
Event: 0.254 Executing VM operation: HandshakeAllThreads (Deoptimize)
Event: 0.254 Executing VM operation: HandshakeAllThreads (Deoptimize) done
Event: 0.348 Executing VM operation: HandshakeAllThreads (Deoptimize)
Event: 0.348 Executing VM operation: HandshakeAllThreads (Deoptimize) done

Memory protections (0 events):
No events

Nmethod flushes (0 events):
No events

Events (20 events):
Event: 0.024 Thread 0x00000193e7f3f5f0 Thread added: 0x000001938a810d20
Event: 0.024 Thread 0x00000193e7f3f5f0 Thread added: 0x000001938a813890
Event: 0.025 Thread 0x00000193e7f3f5f0 Thread added: 0x000001938a814900
Event: 0.025 Thread 0x00000193e7f3f5f0 Thread added: 0x000001938a815490
Event: 0.025 Thread 0x00000193e7f3f5f0 Thread added: 0x000001938a81d540
Event: 0.025 Thread 0x00000193e7f3f5f0 Thread added: 0x000001938dc0b4b0
Event: 0.029 Thread 0x000001938dc0b4b0 Thread added: 0x000001938dcd5c80
Event: 0.039 Thread 0x00000193e7f3f5f0 Thread added: 0x000001938a7e45e0
Event: 0.044 Thread 0x000001938dcd5c80 Thread added: 0x000001938dd6e5c0
Event: 0.047 Thread 0x000001938dc0b4b0 Thread added: 0x000001938dd78110
Event: 0.066 Thread 0x00000193e7f3f5f0 Thread added: 0x000001938de56d80
Event: 0.066 Thread 0x00000193e7f3f5f0 Thread added: 0x000001938de573f0
Event: 0.096 Thread 0x000001938dcd5c80 Thread added: 0x00000193d3059c10
Event: 0.125 Thread 0x00000193e7f3f5f0 Thread added: 0x00000193d30b7860
Event: 0.126 Thread 0x00000193e7f3f5f0 Thread added: 0x00000193d30b8350
Event: 0.127 Thread 0x00000193e7f3f5f0 Thread added: 0x00000193d30c1880
Event: 0.215 Thread 0x000001938a81d540 Thread added: 0x00000193d36ff6b0
Event: 0.215 Thread 0x000001938a81d540 Thread added: 0x00000193d3740930
Event: 0.218 Thread 0x00000193d36ff6b0 Thread added: 0x00000193da7604a0
Event: 0.218 Thread 0x00000193d36ff6b0 Thread added: 0x00000193da7712c0


Dynamic libraries:
0x00007ff76da30000 - 0x00007ff76da3e000 	C:\Users\zygmo\.jdks\openjdk-23.0.1\bin\java.exe
0x00007ffa94890000 - 0x00007ffa94aa7000 	C:\WINDOWS\SYSTEM32\ntdll.dll
0x00007ffa93420000 - 0x00007ffa934e4000 	C:\WINDOWS\System32\KERNEL32.DLL
0x00007ffa92050000 - 0x00007ffa92409000 	C:\WINDOWS\System32\KERNELBASE.dll
0x00007ffa91f30000 - 0x00007ffa92041000 	C:\WINDOWS\System32\ucrtbase.dll
0x00007ffa84d10000 - 0x00007ffa84d27000 	C:\Users\zygmo\.jdks\openjdk-23.0.1\bin\jli.dll
0x00007ffa84c30000 - 0x00007ffa84c4b000 	C:\Users\zygmo\.jdks\openjdk-23.0.1\bin\VCRUNTIME140.dll
0x00007ffa944e0000 - 0x00007ffa9468e000 	C:\WINDOWS\System32\USER32.dll
0x00007ffa91f00000 - 0x00007ffa91f26000 	C:\WINDOWS\System32\win32u.dll
0x00007ffa90de0000 - 0x00007ffa91072000 	C:\WINDOWS\WinSxS\amd64_microsoft.windows.common-controls_6595b64144ccf1df_6.0.22621.4391_none_2715d37f73803e96\COMCTL32.dll
0x00007ffa94770000 - 0x00007ffa94799000 	C:\WINDOWS\System32\GDI32.dll
0x00007ffa943b0000 - 0x00007ffa94457000 	C:\WINDOWS\System32\msvcrt.dll
0x00007ffa91de0000 - 0x00007ffa91efb000 	C:\WINDOWS\System32\gdi32full.dll
0x00007ffa91c80000 - 0x00007ffa91d1a000 	C:\WINDOWS\System32\msvcp_win.dll
0x00007ffa942c0000 - 0x00007ffa942f1000 	C:\WINDOWS\System32\IMM32.DLL
0x00007ffa8e020000 - 0x00007ffa8e02c000 	C:\Users\zygmo\.jdks\openjdk-23.0.1\bin\vcruntime140_1.dll
0x00007ffa82b50000 - 0x00007ffa82bde000 	C:\Users\zygmo\.jdks\openjdk-23.0.1\bin\msvcp140.dll
0x00007ff9e6a20000 - 0x00007ff9e776f000 	C:\Users\zygmo\.jdks\openjdk-23.0.1\bin\server\jvm.dll
0x00007ffa946b0000 - 0x00007ffa94762000 	C:\WINDOWS\System32\ADVAPI32.dll
0x00007ffa947a0000 - 0x00007ffa94847000 	C:\WINDOWS\System32\sechost.dll
0x00007ffa92410000 - 0x00007ffa92438000 	C:\WINDOWS\System32\bcrypt.dll
0x00007ffa93060000 - 0x00007ffa93174000 	C:\WINDOWS\System32\RPCRT4.dll
0x00007ffa92fe0000 - 0x00007ffa93051000 	C:\WINDOWS\System32\WS2_32.dll
0x00007ffa914a0000 - 0x00007ffa914ed000 	C:\WINDOWS\SYSTEM32\POWRPROF.dll
0x00007ffa81430000 - 0x00007ffa81464000 	C:\WINDOWS\SYSTEM32\WINMM.dll
0x00007ffa89d00000 - 0x00007ffa89d0a000 	C:\WINDOWS\SYSTEM32\VERSION.dll
0x00007ffa91170000 - 0x00007ffa91183000 	C:\WINDOWS\SYSTEM32\UMPDC.dll
0x00007ffa90330000 - 0x00007ffa90348000 	C:\WINDOWS\SYSTEM32\kernel.appcore.dll
0x00007ffa8c0e0000 - 0x00007ffa8c0ea000 	C:\Users\zygmo\.jdks\openjdk-23.0.1\bin\jimage.dll
0x00007ffa914f0000 - 0x00007ffa91722000 	C:\WINDOWS\SYSTEM32\DBGHELP.DLL
0x00007ffa936b0000 - 0x00007ffa93a3f000 	C:\WINDOWS\System32\combase.dll
0x00007ffa93340000 - 0x00007ffa93417000 	C:\WINDOWS\System32\OLEAUT32.dll
0x00007ffa91390000 - 0x00007ffa913c2000 	C:\WINDOWS\SYSTEM32\dbgcore.DLL
0x00007ffa91b90000 - 0x00007ffa91c0b000 	C:\WINDOWS\System32\bcryptPrimitives.dll
0x00007ffa74d70000 - 0x00007ffa74d7f000 	C:\Users\zygmo\.jdks\openjdk-23.0.1\bin\instrument.dll
0x00007ffa84140000 - 0x00007ffa8415e000 	C:\Users\zygmo\.jdks\openjdk-23.0.1\bin\java.dll
0x00007ffa93500000 - 0x00007ffa936a5000 	C:\WINDOWS\System32\ole32.dll
0x00007ffa925b0000 - 0x00007ffa92e26000 	C:\WINDOWS\System32\SHELL32.dll
0x00007ffa8f020000 - 0x00007ffa8f923000 	C:\WINDOWS\SYSTEM32\windows.storage.dll
0x00007ffa8eed0000 - 0x00007ffa8f00f000 	C:\WINDOWS\SYSTEM32\wintypes.dll
0x00007ffa92ee0000 - 0x00007ffa92fd9000 	C:\WINDOWS\System32\SHCORE.dll
0x00007ffa92e30000 - 0x00007ffa92e8e000 	C:\WINDOWS\System32\shlwapi.dll
0x00007ffa91ac0000 - 0x00007ffa91aeb000 	C:\WINDOWS\SYSTEM32\profapi.dll
0x00007ffa68520000 - 0x00007ffa685f7000 	C:\Users\zygmo\.jdks\openjdk-23.0.1\bin\jsvml.dll
0x00007ffa74590000 - 0x00007ffa745a7000 	C:\Users\zygmo\.jdks\openjdk-23.0.1\bin\zip.dll
0x00007ffa82f90000 - 0x00007ffa82fa0000 	C:\Users\zygmo\.jdks\openjdk-23.0.1\bin\net.dll
0x00007ffa907c0000 - 0x00007ffa90829000 	C:\WINDOWS\system32\mswsock.dll
0x00007ffa79230000 - 0x00007ffa79246000 	C:\Users\zygmo\.jdks\openjdk-23.0.1\bin\nio.dll
0x00007ffa53870000 - 0x00007ffa5388a000 	C:\Program Files\JetBrains\IntelliJ IDEA 2024.3\bin\breakgen64.dll
0x00007ffa82f80000 - 0x00007ffa82f89000 	C:\Users\zygmo\.jdks\openjdk-23.0.1\bin\extnet.dll
0x00007ff9e6180000 - 0x00007ff9e630d000 	C:\Users\zygmo\.jdks\openjdk-23.0.1\bin\awt.dll
0x00007ffa8e0f0000 - 0x00007ffa8e187000 	C:\WINDOWS\SYSTEM32\apphelp.dll
0x00007ffa8fe40000 - 0x00007ffa8ff42000 	C:\WINDOWS\SYSTEM32\DNSAPI.dll
0x00007ffa8fe10000 - 0x00007ffa8fe3d000 	C:\WINDOWS\SYSTEM32\IPHLPAPI.DLL
0x00007ffa93b40000 - 0x00007ffa93b49000 	C:\WINDOWS\System32\NSI.dll
0x00007ffa85e00000 - 0x00007ffa85e0a000 	C:\Windows\System32\rasadhlp.dll
0x00007ffa89fc0000 - 0x00007ffa8a043000 	C:\WINDOWS\System32\fwpuclnt.dll
0x00007ffa78d40000 - 0x00007ffa78d4a000 	C:\Users\zygmo\.jdks\openjdk-23.0.1\bin\management.dll
0x00007ffa8e5a0000 - 0x00007ffa8e5cb000 	C:\WINDOWS\system32\DWMAPI.DLL
0x00007ffa8e360000 - 0x00007ffa8e411000 	C:\WINDOWS\system32\uxtheme.dll
0x00007ffa78c30000 - 0x00007ffa78c3b000 	C:\Users\zygmo\.jdks\openjdk-23.0.1\bin\management_ext.dll
0x00007ffa934f0000 - 0x00007ffa934f8000 	C:\WINDOWS\System32\PSAPI.DLL
0x00007ffa0fc70000 - 0x00007ffa0fd70000 	C:\WINDOWS\system32\opengl32.dll
0x00007ffa19eb0000 - 0x00007ffa19edd000 	C:\WINDOWS\SYSTEM32\GLU32.dll
0x00007ffa8e450000 - 0x00007ffa8e487000 	C:\WINDOWS\SYSTEM32\dxcore.dll
0x00007ffa93180000 - 0x00007ffa932e0000 	C:\WINDOWS\System32\MSCTF.dll
0x00007ffa6f6f0000 - 0x00007ffa6f898000 	C:\WINDOWS\system32\d3d9.dll
0x00007ffa899f0000 - 0x00007ffa89aae000 	C:\WINDOWS\System32\DriverStore\FileRepository\nvmdi.inf_amd64_12673283c5a4c598\nvldumdx.dll
0x00007ffa91370000 - 0x00007ffa91382000 	C:\WINDOWS\SYSTEM32\msasn1.dll
0x00007ffa89ab0000 - 0x00007ffa89ae2000 	C:\WINDOWS\SYSTEM32\cryptnet.dll
0x00007ffa92440000 - 0x00007ffa925a6000 	C:\WINDOWS\System32\CRYPT32.dll
0x00007ffa90a00000 - 0x00007ffa90b62000 	C:\WINDOWS\SYSTEM32\drvstore.dll
0x00007ffa91850000 - 0x00007ffa9187c000 	C:\WINDOWS\SYSTEM32\devobj.dll
0x00007ffa91880000 - 0x00007ffa918ce000 	C:\WINDOWS\SYSTEM32\cfgmgr32.dll
0x00007ffa90b70000 - 0x00007ffa90bb9000 	C:\WINDOWS\SYSTEM32\wldp.dll
0x00007ffa909f0000 - 0x00007ffa909fc000 	C:\WINDOWS\SYSTEM32\cryptbase.dll
0x00007ffa91c10000 - 0x00007ffa91c7c000 	C:\WINDOWS\System32\wintrust.dll
0x00007ffa94690000 - 0x00007ffa946af000 	C:\WINDOWS\System32\imagehlp.dll
0x00007ffa91830000 - 0x00007ffa9184b000 	C:\WINDOWS\SYSTEM32\CRYPTSP.dll
0x00007ffa90550000 - 0x00007ffa90585000 	C:\WINDOWS\system32\rsaenh.dll
0x00007ffa85e30000 - 0x00007ffa8804e000 	C:\WINDOWS\System32\DriverStore\FileRepository\nvmdi.inf_amd64_12673283c5a4c598\nvgpucomp64.dll
0x00007ffa25300000 - 0x00007ffa276af000 	C:\WINDOWS\System32\DriverStore\FileRepository\nvmdi.inf_amd64_12673283c5a4c598\nvd3dumx.dll
0x00007ffa8bee0000 - 0x00007ffa8bf29000 	C:\WINDOWS\SYSTEM32\directxdatabasehelper.dll
0x00007ffa52710000 - 0x00007ffa529e0000 	C:\WINDOWS\system32\nvspcap64.dll
0x00007ffa91460000 - 0x00007ffa91494000 	C:\WINDOWS\SYSTEM32\ntmarta.dll
0x00007ffa90830000 - 0x00007ffa90856000 	C:\WINDOWS\SYSTEM32\gpapi.dll
0x00007ffa90870000 - 0x00007ffa90898000 	C:\WINDOWS\SYSTEM32\USERENV.dll

dbghelp: loaded successfully - version: 4.0.5 - missing functions: none
symbol engine: initialized successfully - sym options: 0x614 - pdb path: .;C:\Users\zygmo\.jdks\openjdk-23.0.1\bin;C:\WINDOWS\SYSTEM32;C:\WINDOWS\WinSxS\amd64_microsoft.windows.common-controls_6595b64144ccf1df_6.0.22621.4391_none_2715d37f73803e96;C:\Users\zygmo\.jdks\openjdk-23.0.1\bin\server;C:\Program Files\JetBrains\IntelliJ IDEA 2024.3\bin;C:\WINDOWS\System32\DriverStore\FileRepository\nvmdi.inf_amd64_12673283c5a4c598

VM Arguments:
jvm_args: -javaagent:C:\Program Files\JetBrains\IntelliJ IDEA 2024.3\lib\idea_rt.jar=50897:C:\Program Files\JetBrains\IntelliJ IDEA 2024.3\bin -Dfile.encoding=UTF-8 -Dsun.stdout.encoding=UTF-8 -Dsun.stderr.encoding=UTF-8 
java_command: main.Main
java_class_path (initial): C:\Users\zygmo\OneDrive - University of Missouri\Desktop\2DpaintingApp\out\production\2DpaintingApp
Launcher Type: SUN_STANDARD

[Global flags]
     intx CICompilerCount                          = 12                                        {product} {ergonomic}
     uint ConcGCThreads                            = 5                                         {product} {ergonomic}
     uint G1ConcRefinementThreads                  = 18                                        {product} {ergonomic}
   size_t G1HeapRegionSize                         = 4194304                                   {product} {ergonomic}
   size_t InitialHeapSize                          = 536870912                                 {product} {ergonomic}
   size_t MarkStackSize                            = 4194304                                   {product} {ergonomic}
   size_t MarkStackSizeMax                         = 536870912                                 {product} {ergonomic}
   size_t MaxHeapSize                              = 8568963072                                {product} {ergonomic}
   size_t MaxNewSize                               = 5138022400                                {product} {ergonomic}
   size_t MinHeapDeltaBytes                        = 4194304                                   {product} {ergonomic}
   size_t MinHeapSize                              = 8388608                                   {product} {ergonomic}
    uintx NonNMethodCodeHeapSize                   = 7602176                                {pd product} {ergonomic}
    uintx NonProfiledCodeHeapSize                  = 122093568                              {pd product} {ergonomic}
    uintx ProfiledCodeHeapSize                     = 121962496                              {pd product} {ergonomic}
    uintx ReservedCodeCacheSize                    = 251658240                              {pd product} {ergonomic}
     bool SegmentedCodeCache                       = true                                      {product} {ergonomic}
   size_t SoftMaxHeapSize                          = 8568963072                             {manageable} {ergonomic}
     bool UseCompressedOops                        = true                           {product lp64_product} {ergonomic}
     bool UseG1GC                                  = true                                      {product} {ergonomic}
     bool UseLargePagesIndividualAllocation        = false                                  {pd product} {ergonomic}

Logging:
Log output configuration:
 #0: stdout all=warning uptime,level,tags foldmultilines=false
 #1: stderr all=off uptime,level,tags foldmultilines=false

Environment Variables:
PATH=C:\Program Files (x86)\Common Files\Oracle\Java\java8path;C:\Program Files (x86)\Common Files\Oracle\Java\javapath;C:\Program Files\Eclipse Adoptium\jdk-21.0.4.7-hotspot\bin;C:\Program Files (x86)\VMware\VMware Workstation\bin\;C:\Program Files\Oculus\Support\oculus-runtime;C:\Windows\system32;C:\Windows;C:\Windows\System32\Wbem;C:\Windows\System32\WindowsPowerShell\v1.0\;C:\Windows\System32\OpenSSH\;C:\Program Files\NVIDIA Corporation\NVIDIA NvDLISR;C:\msys64\mingw64\bin;C:\Program Files (x86)\NVIDIA Corporation\PhysX\Common;C:\Program Files\dotnet\;C:\Program Files (x86)\Windows Kits\10\Windows Performance Toolkit\;C:\Program Files\Wiimm\WIT;C:\Program Files (x86)\GnuWin32\bin;C:\Program Files\Git\cmd;C:\WINDOWS\system32;C:\WINDOWS;C:\WINDOWS\System32\Wbem;C:\WINDOWS\System32\WindowsPowerShell\v1.0\;C:\WINDOWS\System32\OpenSSH\;C:\Program Files\MySQL\MySQL Server 9.1\bin;C:\Users\zygmo\AppData\Local\Microsoft\WindowsApps;C:\Users\zygmo\AppData\Local\Programs\Microsoft VS Code\bin;C:\Users\zygmo\.dotnet\tools;C:\Program Files\Wiimm\WIT;;C:\Program Files\JetBrains\IntelliJ IDEA 2024.3\bin;
USERNAME=zygmo
OS=Windows_NT
PROCESSOR_IDENTIFIER=AMD64 Family 25 Model 33 Stepping 2, AuthenticAMD
TMP=C:\Users\zygmo\AppData\Local\Temp
TEMP=C:\Users\zygmo\AppData\Local\Temp




Periodic native trim disabled

---------------  S Y S T E M  ---------------

OS:
 Windows 11 , 64 bit Build 22621 (10.0.22621.4391)
OS uptime: 0 days 22:35 hours
Hyper-V role detected

CPU: total 24 (initial active 24) (24 cores per cpu, 2 threads per core) family 25 model 33 stepping 2 microcode 0x0, cx8, cmov, fxsr, ht, mmx, 3dnowpref, sse, sse2, sse3, ssse3, sse4a, sse4.1, sse4.2, popcnt, lzcnt, tsc, tscinvbit, avx, avx2, aes, erms, clmul, bmi1, bmi2, adx, sha, fma, vzeroupper, clflush, clflushopt, hv, rdtscp, rdpid, fsrm, f16c, cet_ss
Processor Information for the first 24 processors :
  Max Mhz: 4200, Current Mhz: 4200, Mhz Limit: 4200

Memory: 4k page, system-wide physical 32676M (17552M free)
TotalPageFile size 34724M (AvailPageFile size 12720M)
current process WorkingSet (physical memory assigned to process): 121M, peak: 121M
current process commit charge ("private bytes"): 702M, peak: 702M

vm_info: OpenJDK 64-Bit Server VM (23.0.1+11-39) for windows-amd64 JRE (23.0.1+11-39), built on 2024-09-30T07:20:43Z with MS VC++ 17.6 (VS2022)

END.
